0 info it worked if it ends with ok
1 verbose cli [ '/usr/bin/nodejs', '/usr/bin/npm', 'install', 'node' ]
2 info using npm@3.5.2
3 info using node@v4.2.6
4 silly loadCurrentTree Starting
5 silly install loadCurrentTree
6 silly install readLocalPackageData
7 silly fetchPackageMetaData node
8 silly fetchNamedPackageData node
9 silly mapToRegistry name node
10 silly mapToRegistry using default registry
11 silly mapToRegistry registry https://registry.npmjs.org/
12 silly mapToRegistry uri https://registry.npmjs.org/node
13 verbose request uri https://registry.npmjs.org/node
14 verbose request no auth needed
15 info attempt registry request try #1 at 9:29:55 PM
16 verbose request id 63e7682e409c8fb6
17 http request GET https://registry.npmjs.org/node
18 http 200 https://registry.npmjs.org/node
19 verbose headers { date: 'Tue, 19 Nov 2019 20:29:57 GMT',
19 verbose headers   'content-type': 'application/json',
19 verbose headers   'transfer-encoding': 'chunked',
19 verbose headers   connection: 'keep-alive',
19 verbose headers   'set-cookie': [ '__cfduid=df2c62f030d700ee4d58beacfa00695bb1574195395; expires=Wed, 18-Nov-20 20:29:55 GMT; path=/; domain=.npmjs.org; HttpOnly' ],
19 verbose headers   'cf-cache-status': 'EXPIRED',
19 verbose headers   'cache-control': 'max-age=300',
19 verbose headers   'cf-ray': '5384f0686fbfd6e1-FRA',
19 verbose headers   etag: 'W/"2e86501c8382a0783fa8e7800a47deba"',
19 verbose headers   'expect-ct': 'max-age=604800, report-uri="https://report-uri.cloudflare.com/cdn-cgi/beacon/expect-ct"',
19 verbose headers   'last-modified': 'Sat, 09 Nov 2019 02:45:32 GMT',
19 verbose headers   vary: 'accept-encoding, accept',
19 verbose headers   'x-amz-meta-rev': '509-b9426ff76eeb9505162de7a08a3c4d90',
19 verbose headers   server: 'cloudflare',
19 verbose headers   'content-encoding': 'gzip' }
20 silly get cb [ 200,
20 silly get   { date: 'Tue, 19 Nov 2019 20:29:57 GMT',
20 silly get     'content-type': 'application/json',
20 silly get     'transfer-encoding': 'chunked',
20 silly get     connection: 'keep-alive',
20 silly get     'set-cookie': [ '__cfduid=df2c62f030d700ee4d58beacfa00695bb1574195395; expires=Wed, 18-Nov-20 20:29:55 GMT; path=/; domain=.npmjs.org; HttpOnly' ],
20 silly get     'cf-cache-status': 'EXPIRED',
20 silly get     'cache-control': 'max-age=300',
20 silly get     'cf-ray': '5384f0686fbfd6e1-FRA',
20 silly get     etag: 'W/"2e86501c8382a0783fa8e7800a47deba"',
20 silly get     'expect-ct': 'max-age=604800, report-uri="https://report-uri.cloudflare.com/cdn-cgi/beacon/expect-ct"',
20 silly get     'last-modified': 'Sat, 09 Nov 2019 02:45:32 GMT',
20 silly get     vary: 'accept-encoding, accept',
20 silly get     'x-amz-meta-rev': '509-b9426ff76eeb9505162de7a08a3c4d90',
20 silly get     server: 'cloudflare',
20 silly get     'content-encoding': 'gzip' } ]
21 verbose get saving node to /home/box/.npm/registry.npmjs.org/node/.cache.json
22 silly install normalizeTree
23 silly loadCurrentTree Finishing
24 silly loadIdealTree Starting
25 silly install loadIdealTree
26 silly cloneCurrentTree Starting
27 silly install cloneCurrentTreeToIdealTree
28 silly cloneCurrentTree Finishing
29 silly loadShrinkwrap Starting
30 silly install loadShrinkwrap
31 silly loadShrinkwrap Finishing
32 silly loadAllDepsIntoIdealTree Starting
33 silly install loadAllDepsIntoIdealTree
34 silly resolveWithNewModule node@13.1.0 checking installable status
35 silly cache add args [ 'node', null ]
36 verbose cache add spec node
37 silly cache add parsed spec Result {
37 silly cache add   raw: 'node',
37 silly cache add   scope: null,
37 silly cache add   name: 'node',
37 silly cache add   rawSpec: '',
37 silly cache add   spec: 'latest',
37 silly cache add   type: 'tag' }
38 silly addNamed node@latest
39 verbose addNamed "latest" is being treated as a dist-tag for node
40 info addNameTag [ 'node', 'latest' ]
41 silly mapToRegistry name node
42 silly mapToRegistry using default registry
43 silly mapToRegistry registry https://registry.npmjs.org/
44 silly mapToRegistry uri https://registry.npmjs.org/node
45 verbose addNameTag registry:https://registry.npmjs.org/node not in flight; fetching
46 verbose get https://registry.npmjs.org/node not expired, no request
47 silly addNameTag next cb for node with tag latest
48 silly addNamed node@13.1.0
49 verbose addNamed "13.1.0" is a plain semver version for node
50 silly mapToRegistry name node
51 silly mapToRegistry using default registry
52 silly mapToRegistry registry https://registry.npmjs.org/
53 silly mapToRegistry uri https://registry.npmjs.org/node
54 verbose addRemoteTarball https://registry.npmjs.org/node/-/node-13.1.0.tgz not in flight; adding
55 verbose addRemoteTarball [ 'https://registry.npmjs.org/node/-/node-13.1.0.tgz',
55 verbose addRemoteTarball   'c26bba0dcd749eaca0eace039ecfd0cc05c56d01' ]
56 info retry fetch attempt 1 at 9:29:57 PM
57 info attempt registry request try #1 at 9:29:57 PM
58 http fetch GET https://registry.npmjs.org/node/-/node-13.1.0.tgz
59 http fetch 200 https://registry.npmjs.org/node/-/node-13.1.0.tgz
60 silly fetchAndShaCheck shasum c26bba0dcd749eaca0eace039ecfd0cc05c56d01
61 verbose addTmpTarball /tmp/npm-5850-ea273a47/registry.npmjs.org/node/-/node-13.1.0.tgz not in flight; adding
62 verbose addTmpTarball already have metadata; skipping unpack for node@13.1.0
63 silly cache afterAdd node@13.1.0
64 verbose afterAdd /home/box/.npm/node/13.1.0/package/package.json not in flight; writing
65 verbose afterAdd /home/box/.npm/node/13.1.0/package/package.json written
66 silly fetchNamedPackageData node-bin-setup
67 silly mapToRegistry name node-bin-setup
68 silly mapToRegistry using default registry
69 silly mapToRegistry registry https://registry.npmjs.org/
70 silly mapToRegistry uri https://registry.npmjs.org/node-bin-setup
71 verbose request uri https://registry.npmjs.org/node-bin-setup
72 verbose request no auth needed
73 info attempt registry request try #1 at 9:29:57 PM
74 http request GET https://registry.npmjs.org/node-bin-setup
75 http 200 https://registry.npmjs.org/node-bin-setup
76 verbose headers { date: 'Tue, 19 Nov 2019 20:29:58 GMT',
76 verbose headers   'content-type': 'application/json; charset=UTF-8',
76 verbose headers   'transfer-encoding': 'chunked',
76 verbose headers   connection: 'keep-alive',
76 verbose headers   'set-cookie': [ '__cfduid=d50b672a5af94154253df46dee017f0811574195397; expires=Wed, 18-Nov-20 20:29:57 GMT; path=/; domain=.npmjs.org; HttpOnly' ],
76 verbose headers   'cf-cache-status': 'EXPIRED',
76 verbose headers   'cache-control': 'max-age=300',
76 verbose headers   'cf-ray': '5384f074af9ae007-FRA',
76 verbose headers   etag: 'W/"696d6ec470fda56a33885508a280edab"',
76 verbose headers   'expect-ct': 'max-age=604800, report-uri="https://report-uri.cloudflare.com/cdn-cgi/beacon/expect-ct"',
76 verbose headers   'last-modified': 'Sun, 27 May 2018 09:55:03 GMT',
76 verbose headers   vary: 'accept-encoding, accept',
76 verbose headers   server: 'cloudflare',
76 verbose headers   'content-encoding': 'gzip' }
77 silly get cb [ 200,
77 silly get   { date: 'Tue, 19 Nov 2019 20:29:58 GMT',
77 silly get     'content-type': 'application/json; charset=UTF-8',
77 silly get     'transfer-encoding': 'chunked',
77 silly get     connection: 'keep-alive',
77 silly get     'set-cookie': [ '__cfduid=d50b672a5af94154253df46dee017f0811574195397; expires=Wed, 18-Nov-20 20:29:57 GMT; path=/; domain=.npmjs.org; HttpOnly' ],
77 silly get     'cf-cache-status': 'EXPIRED',
77 silly get     'cache-control': 'max-age=300',
77 silly get     'cf-ray': '5384f074af9ae007-FRA',
77 silly get     etag: 'W/"696d6ec470fda56a33885508a280edab"',
77 silly get     'expect-ct': 'max-age=604800, report-uri="https://report-uri.cloudflare.com/cdn-cgi/beacon/expect-ct"',
77 silly get     'last-modified': 'Sun, 27 May 2018 09:55:03 GMT',
77 silly get     vary: 'accept-encoding, accept',
77 silly get     server: 'cloudflare',
77 silly get     'content-encoding': 'gzip' } ]
78 verbose get saving node-bin-setup to /home/box/.npm/registry.npmjs.org/node-bin-setup/.cache.json
79 silly resolveWithNewModule node-bin-setup@1.0.6 checking installable status
80 silly cache add args [ 'node-bin-setup@^1.0.0', null ]
81 verbose cache add spec node-bin-setup@^1.0.0
82 silly cache add parsed spec Result {
82 silly cache add   raw: 'node-bin-setup@^1.0.0',
82 silly cache add   scope: null,
82 silly cache add   name: 'node-bin-setup',
82 silly cache add   rawSpec: '^1.0.0',
82 silly cache add   spec: '>=1.0.0 <2.0.0',
82 silly cache add   type: 'range' }
83 silly addNamed node-bin-setup@>=1.0.0 <2.0.0
84 verbose addNamed ">=1.0.0 <2.0.0" is a valid semver range for node-bin-setup
85 silly addNameRange { name: 'node-bin-setup',
85 silly addNameRange   range: '>=1.0.0 <2.0.0',
85 silly addNameRange   hasData: false }
86 silly mapToRegistry name node-bin-setup
87 silly mapToRegistry using default registry
88 silly mapToRegistry registry https://registry.npmjs.org/
89 silly mapToRegistry uri https://registry.npmjs.org/node-bin-setup
90 verbose addNameRange registry:https://registry.npmjs.org/node-bin-setup not in flight; fetching
91 verbose get https://registry.npmjs.org/node-bin-setup not expired, no request
92 silly addNameRange number 2 { name: 'node-bin-setup',
92 silly addNameRange   range: '>=1.0.0 <2.0.0',
92 silly addNameRange   hasData: true }
93 silly addNameRange versions [ 'node-bin-setup',
93 silly addNameRange   [ '1.0.0', '1.0.1', '1.0.2', '1.0.3', '1.0.4', '1.0.6' ] ]
94 silly addNamed node-bin-setup@1.0.6
95 verbose addNamed "1.0.6" is a plain semver version for node-bin-setup
96 silly mapToRegistry name node-bin-setup
97 silly mapToRegistry using default registry
98 silly mapToRegistry registry https://registry.npmjs.org/
99 silly mapToRegistry uri https://registry.npmjs.org/node-bin-setup
100 verbose addRemoteTarball https://registry.npmjs.org/node-bin-setup/-/node-bin-setup-1.0.6.tgz not in flight; adding
101 verbose addRemoteTarball [ 'https://registry.npmjs.org/node-bin-setup/-/node-bin-setup-1.0.6.tgz',
101 verbose addRemoteTarball   '4b5c9bb937ece702d7069b36ca78af4684677528' ]
102 info retry fetch attempt 1 at 9:29:58 PM
103 info attempt registry request try #1 at 9:29:58 PM
104 http fetch GET https://registry.npmjs.org/node-bin-setup/-/node-bin-setup-1.0.6.tgz
105 http fetch 200 https://registry.npmjs.org/node-bin-setup/-/node-bin-setup-1.0.6.tgz
106 silly fetchAndShaCheck shasum 4b5c9bb937ece702d7069b36ca78af4684677528
107 verbose addTmpTarball /tmp/npm-5850-ea273a47/registry.npmjs.org/node-bin-setup/-/node-bin-setup-1.0.6.tgz not in flight; adding
108 verbose addTmpTarball already have metadata; skipping unpack for node-bin-setup@1.0.6
109 silly cache afterAdd node-bin-setup@1.0.6
110 verbose afterAdd /home/box/.npm/node-bin-setup/1.0.6/package/package.json not in flight; writing
111 verbose afterAdd /home/box/.npm/node-bin-setup/1.0.6/package/package.json written
112 silly loadAllDepsIntoIdealTree Finishing
113 silly idealTree:prePrune rest@1.0.0
113 silly idealTree:prePrune ├── accepts@1.3.7
113 silly idealTree:prePrune ├── array-flatten@1.1.1
113 silly idealTree:prePrune ├── body-parser@1.19.0
113 silly idealTree:prePrune ├── bytes@3.1.0
113 silly idealTree:prePrune ├── content-disposition@0.5.3
113 silly idealTree:prePrune ├── content-type@1.0.4
113 silly idealTree:prePrune ├── cookie-signature@1.0.6
113 silly idealTree:prePrune ├── cookie@0.4.0
113 silly idealTree:prePrune ├── debug@2.6.9
113 silly idealTree:prePrune ├── depd@1.1.2
113 silly idealTree:prePrune ├── destroy@1.0.4
113 silly idealTree:prePrune ├── ee-first@1.1.1
113 silly idealTree:prePrune ├── encodeurl@1.0.2
113 silly idealTree:prePrune ├── escape-html@1.0.3
113 silly idealTree:prePrune ├── etag@1.8.1
113 silly idealTree:prePrune ├── express@4.17.1
113 silly idealTree:prePrune ├── finalhandler@1.1.2
113 silly idealTree:prePrune ├── forwarded@0.1.2
113 silly idealTree:prePrune ├── fresh@0.5.2
113 silly idealTree:prePrune ├── http-errors@1.7.2
113 silly idealTree:prePrune ├── iconv-lite@0.4.24
113 silly idealTree:prePrune ├── inherits@2.0.3
113 silly idealTree:prePrune ├── ipaddr.js@1.9.0
113 silly idealTree:prePrune ├── media-typer@0.3.0
113 silly idealTree:prePrune ├── merge-descriptors@1.0.1
113 silly idealTree:prePrune ├── methods@1.1.2
113 silly idealTree:prePrune ├── mime-db@1.42.0
113 silly idealTree:prePrune ├── mime-types@2.1.25
113 silly idealTree:prePrune ├── mime@1.6.0
113 silly idealTree:prePrune ├── ms@2.0.0
113 silly idealTree:prePrune ├── negotiator@0.6.2
113 silly idealTree:prePrune ├── node-bin-setup@1.0.6
113 silly idealTree:prePrune ├── node@13.1.0
113 silly idealTree:prePrune ├── on-finished@2.3.0
113 silly idealTree:prePrune ├── parseurl@1.3.3
113 silly idealTree:prePrune ├── path-to-regexp@0.1.7
113 silly idealTree:prePrune ├── proxy-addr@2.0.5
113 silly idealTree:prePrune ├── qs@6.7.0
113 silly idealTree:prePrune ├── range-parser@1.2.1
113 silly idealTree:prePrune ├── raw-body@2.4.0
113 silly idealTree:prePrune ├── safe-buffer@5.1.2
113 silly idealTree:prePrune ├── safer-buffer@2.1.2
113 silly idealTree:prePrune ├─┬ send@0.17.1
113 silly idealTree:prePrune │ └── ms@2.1.1
113 silly idealTree:prePrune ├── serve-static@1.14.1
113 silly idealTree:prePrune ├── setprototypeof@1.1.1
113 silly idealTree:prePrune ├── statuses@1.5.0
113 silly idealTree:prePrune ├── toidentifier@1.0.0
113 silly idealTree:prePrune ├── type-is@1.6.18
113 silly idealTree:prePrune ├── unpipe@1.0.0
113 silly idealTree:prePrune ├── utils-merge@1.0.1
113 silly idealTree:prePrune └── vary@1.1.2
114 silly loadIdealTree Finishing
115 silly currentTree rest@1.0.0
115 silly currentTree ├── accepts@1.3.7
115 silly currentTree ├── array-flatten@1.1.1
115 silly currentTree ├── body-parser@1.19.0
115 silly currentTree ├── bytes@3.1.0
115 silly currentTree ├── content-disposition@0.5.3
115 silly currentTree ├── content-type@1.0.4
115 silly currentTree ├── cookie-signature@1.0.6
115 silly currentTree ├── cookie@0.4.0
115 silly currentTree ├── debug@2.6.9
115 silly currentTree ├── depd@1.1.2
115 silly currentTree ├── destroy@1.0.4
115 silly currentTree ├── ee-first@1.1.1
115 silly currentTree ├── encodeurl@1.0.2
115 silly currentTree ├── escape-html@1.0.3
115 silly currentTree ├── etag@1.8.1
115 silly currentTree ├── express@4.17.1
115 silly currentTree ├── finalhandler@1.1.2
115 silly currentTree ├── forwarded@0.1.2
115 silly currentTree ├── fresh@0.5.2
115 silly currentTree ├── http-errors@1.7.2
115 silly currentTree ├── iconv-lite@0.4.24
115 silly currentTree ├── inherits@2.0.3
115 silly currentTree ├── ipaddr.js@1.9.0
115 silly currentTree ├── media-typer@0.3.0
115 silly currentTree ├── merge-descriptors@1.0.1
115 silly currentTree ├── methods@1.1.2
115 silly currentTree ├── mime-db@1.42.0
115 silly currentTree ├── mime-types@2.1.25
115 silly currentTree ├── mime@1.6.0
115 silly currentTree ├── ms@2.0.0
115 silly currentTree ├── negotiator@0.6.2
115 silly currentTree ├── on-finished@2.3.0
115 silly currentTree ├── parseurl@1.3.3
115 silly currentTree ├── path-to-regexp@0.1.7
115 silly currentTree ├── proxy-addr@2.0.5
115 silly currentTree ├── qs@6.7.0
115 silly currentTree ├── range-parser@1.2.1
115 silly currentTree ├── raw-body@2.4.0
115 silly currentTree ├── safe-buffer@5.1.2
115 silly currentTree ├── safer-buffer@2.1.2
115 silly currentTree ├─┬ send@0.17.1
115 silly currentTree │ └── ms@2.1.1
115 silly currentTree ├── serve-static@1.14.1
115 silly currentTree ├── setprototypeof@1.1.1
115 silly currentTree ├── statuses@1.5.0
115 silly currentTree ├── toidentifier@1.0.0
115 silly currentTree ├── type-is@1.6.18
115 silly currentTree ├── unpipe@1.0.0
115 silly currentTree ├── utils-merge@1.0.1
115 silly currentTree └── vary@1.1.2
116 silly idealTree rest@1.0.0
116 silly idealTree ├── accepts@1.3.7
116 silly idealTree ├── array-flatten@1.1.1
116 silly idealTree ├── body-parser@1.19.0
116 silly idealTree ├── bytes@3.1.0
116 silly idealTree ├── content-disposition@0.5.3
116 silly idealTree ├── content-type@1.0.4
116 silly idealTree ├── cookie-signature@1.0.6
116 silly idealTree ├── cookie@0.4.0
116 silly idealTree ├── debug@2.6.9
116 silly idealTree ├── depd@1.1.2
116 silly idealTree ├── destroy@1.0.4
116 silly idealTree ├── ee-first@1.1.1
116 silly idealTree ├── encodeurl@1.0.2
116 silly idealTree ├── escape-html@1.0.3
116 silly idealTree ├── etag@1.8.1
116 silly idealTree ├── express@4.17.1
116 silly idealTree ├── finalhandler@1.1.2
116 silly idealTree ├── forwarded@0.1.2
116 silly idealTree ├── fresh@0.5.2
116 silly idealTree ├── http-errors@1.7.2
116 silly idealTree ├── iconv-lite@0.4.24
116 silly idealTree ├── inherits@2.0.3
116 silly idealTree ├── ipaddr.js@1.9.0
116 silly idealTree ├── media-typer@0.3.0
116 silly idealTree ├── merge-descriptors@1.0.1
116 silly idealTree ├── methods@1.1.2
116 silly idealTree ├── mime-db@1.42.0
116 silly idealTree ├── mime-types@2.1.25
116 silly idealTree ├── mime@1.6.0
116 silly idealTree ├── ms@2.0.0
116 silly idealTree ├── negotiator@0.6.2
116 silly idealTree ├── node-bin-setup@1.0.6
116 silly idealTree ├── node@13.1.0
116 silly idealTree ├── on-finished@2.3.0
116 silly idealTree ├── parseurl@1.3.3
116 silly idealTree ├── path-to-regexp@0.1.7
116 silly idealTree ├── proxy-addr@2.0.5
116 silly idealTree ├── qs@6.7.0
116 silly idealTree ├── range-parser@1.2.1
116 silly idealTree ├── raw-body@2.4.0
116 silly idealTree ├── safe-buffer@5.1.2
116 silly idealTree ├── safer-buffer@2.1.2
116 silly idealTree ├─┬ send@0.17.1
116 silly idealTree │ └── ms@2.1.1
116 silly idealTree ├── serve-static@1.14.1
116 silly idealTree ├── setprototypeof@1.1.1
116 silly idealTree ├── statuses@1.5.0
116 silly idealTree ├── toidentifier@1.0.0
116 silly idealTree ├── type-is@1.6.18
116 silly idealTree ├── unpipe@1.0.0
116 silly idealTree ├── utils-merge@1.0.1
116 silly idealTree └── vary@1.1.2
117 silly generateActionsToTake Starting
118 silly install generateActionsToTake
119 silly generateActionsToTake Finishing
120 silly diffTrees action count 2
121 silly diffTrees add node-bin-setup@1.0.6
122 silly diffTrees add node@13.1.0
123 silly decomposeActions action count 16
124 silly decomposeActions fetch node-bin-setup@1.0.6
125 silly decomposeActions extract node-bin-setup@1.0.6
126 silly decomposeActions test node-bin-setup@1.0.6
127 silly decomposeActions preinstall node-bin-setup@1.0.6
128 silly decomposeActions build node-bin-setup@1.0.6
129 silly decomposeActions install node-bin-setup@1.0.6
130 silly decomposeActions postinstall node-bin-setup@1.0.6
131 silly decomposeActions finalize node-bin-setup@1.0.6
132 silly decomposeActions fetch node@13.1.0
133 silly decomposeActions extract node@13.1.0
134 silly decomposeActions test node@13.1.0
135 silly decomposeActions preinstall node@13.1.0
136 silly decomposeActions build node@13.1.0
137 silly decomposeActions install node@13.1.0
138 silly decomposeActions postinstall node@13.1.0
139 silly decomposeActions finalize node@13.1.0
140 silly executeActions Starting
141 silly install executeActions
142 silly doSerial global-install 0
143 silly doParallel fetch 2
144 verbose lock using /home/box/.npm/_locks/staging-d3859ee5cda2415d.lock for /home/box/rest/node_modules/.staging
145 silly doParallel extract 2
146 silly extract node-bin-setup@1.0.6
147 silly extract node@13.1.0
148 verbose unbuild node_modules/.staging/node-bin-setup-93360982
149 verbose unbuild node_modules/.staging/node-f7fd8190
150 silly gentlyRm /home/box/rest/node_modules/.staging/node-bin-setup-93360982 is being purged from base /home/box/rest
151 verbose gentlyRm don't care about contents; nuking /home/box/rest/node_modules/.staging/node-bin-setup-93360982
152 verbose tar unpack /home/box/.npm/node-bin-setup/1.0.6/package.tgz
153 verbose tar unpacking to /home/box/rest/node_modules/.staging/node-bin-setup-93360982
154 silly gentlyRm /home/box/rest/node_modules/.staging/node-bin-setup-93360982 is being purged
155 verbose gentlyRm don't care about contents; nuking /home/box/rest/node_modules/.staging/node-bin-setup-93360982
156 silly gentlyRm /home/box/rest/node_modules/.staging/node-f7fd8190 is being purged from base /home/box/rest
157 verbose gentlyRm don't care about contents; nuking /home/box/rest/node_modules/.staging/node-f7fd8190
158 silly gunzTarPerm modes [ '775', '664' ]
159 verbose tar unpack /home/box/.npm/node/13.1.0/package.tgz
160 verbose tar unpacking to /home/box/rest/node_modules/.staging/node-f7fd8190
161 silly gentlyRm /home/box/rest/node_modules/.staging/node-f7fd8190 is being purged
162 verbose gentlyRm don't care about contents; nuking /home/box/rest/node_modules/.staging/node-f7fd8190
163 silly gunzTarPerm modes [ '775', '664' ]
164 silly gunzTarPerm extractEntry package.json
165 silly gunzTarPerm modified mode [ 'package.json', 420, 436 ]
166 silly gunzTarPerm extractEntry installArchSpecificPackage.js
167 silly gunzTarPerm modified mode [ 'installArchSpecificPackage.js', 420, 436 ]
168 silly gunzTarPerm extractEntry index.js
169 silly gunzTarPerm modified mode [ 'index.js', 420, 436 ]
170 silly gunzTarPerm extractEntry package.json
171 silly gunzTarPerm modified mode [ 'package.json', 420, 436 ]
172 silly gunzTarPerm extractEntry README.md
173 silly gunzTarPerm modified mode [ 'README.md', 420, 436 ]
174 silly gentlyRm /home/box/rest/node_modules/.staging/node-bin-setup-93360982/node_modules is being purged
175 verbose gentlyRm don't care about contents; nuking /home/box/rest/node_modules/.staging/node-bin-setup-93360982/node_modules
176 silly gentlyRm /home/box/rest/node_modules/.staging/node-f7fd8190/node_modules is being purged
177 verbose gentlyRm don't care about contents; nuking /home/box/rest/node_modules/.staging/node-f7fd8190/node_modules
178 silly doParallel preinstall 2
179 silly preinstall node-bin-setup@1.0.6 /home/box/rest/node_modules/.staging/node-bin-setup-93360982
180 info lifecycle node-bin-setup@1.0.6~preinstall: node-bin-setup@1.0.6
181 silly preinstall node@13.1.0 /home/box/rest/node_modules/.staging/node-f7fd8190
182 info lifecycle node@13.1.0~preinstall: node@13.1.0
183 silly lifecycle node-bin-setup@1.0.6~preinstall: no script for preinstall, continuing
184 verbose lifecycle node@13.1.0~preinstall: unsafe-perm in lifecycle true
185 verbose lifecycle node@13.1.0~preinstall: PATH: /usr/share/npm/bin/node-gyp-bin:/home/box/rest/node_modules/.staging/node-f7fd8190/node_modules/.bin:/home/box/rest/node_modules/.bin:/home/box/bin:/home/box/.local/bin:/usr/local/sbin:/usr/local/bin:/usr/sbin:/usr/bin:/sbin:/bin:/usr/games:/usr/local/games
186 verbose lifecycle node@13.1.0~preinstall: CWD: /home/box/rest/node_modules/.staging/node-f7fd8190
187 silly lifecycle node@13.1.0~preinstall: Args: [ '-c', 'node installArchSpecificPackage' ]
188 info lifecycle node@13.1.0~preinstall: Failed to exec preinstall script
189 verbose unlock done using /home/box/.npm/_locks/staging-d3859ee5cda2415d.lock for /home/box/rest/node_modules/.staging
190 silly rollbackFailedOptional Starting
191 silly rollbackFailedOptional Finishing
192 silly runTopLevelLifecycles Starting
193 silly runTopLevelLifecycles Finishing
194 silly install printInstalled
195 warn rest@1.0.0 No description
196 warn rest@1.0.0 No repository field.
197 verbose stack Error: node@13.1.0 preinstall: `node installArchSpecificPackage`
197 verbose stack spawn ENOENT
197 verbose stack     at ChildProcess.<anonymous> (/usr/share/npm/lib/utils/spawn.js:17:16)
197 verbose stack     at emitTwo (events.js:87:13)
197 verbose stack     at ChildProcess.emit (events.js:172:7)
197 verbose stack     at maybeClose (internal/child_process.js:821:16)
197 verbose stack     at Process.ChildProcess._handle.onexit (internal/child_process.js:211:5)
198 verbose pkgid node@13.1.0
199 verbose cwd /home/box/rest
200 error Linux 4.4.0-151-generic
201 error argv "/usr/bin/nodejs" "/usr/bin/npm" "install" "node"
202 error node v4.2.6
203 error npm  v3.5.2
204 error file sh
205 error code ELIFECYCLE
206 error errno ENOENT
207 error syscall spawn
208 error node@13.1.0 preinstall: `node installArchSpecificPackage`
208 error spawn ENOENT
209 error Failed at the node@13.1.0 preinstall script 'node installArchSpecificPackage'.
209 error Make sure you have the latest version of node.js and npm installed.
209 error If you do, this is most likely a problem with the node package,
209 error not with npm itself.
209 error Tell the author that this fails on your system:
209 error     node installArchSpecificPackage
209 error You can get information on how to open an issue for this project with:
209 error     npm bugs node
209 error Or if that isn't available, you can get their info via:
209 error     npm owner ls node
209 error There is likely additional logging output above.
210 verbose exit [ 1, true ]
